[2023-10-14T20:43:24.199564-03:00] my_logger.WARNING: Foo [] []
[2023-10-14T20:43:24.199742-03:00] my_logger.ERROR: Bar [] []
[2023-10-14T20:47:01.177252-03:00] my_logger.ERROR: error [] []
[2023-10-14T20:47:07.864878-03:00] my_logger.ERROR: error [] []
[2023-10-14T20:47:50.897423-03:00] my_logger.ERROR: error [] []
[2023-10-14T20:47:51.957893-03:00] my_logger.ERROR: error [] []
[2023-10-14T20:47:52.906117-03:00] my_logger.ERROR: error [] []
[2023-10-14T20:48:04.059276-03:00] my_logger.ERROR: error [] []
[2023-10-14T20:48:35.561092-03:00] my_logger.ERROR: error ["dsfsdf"] []
[2023-10-14T20:49:17.880187-03:00] my_logger.ERROR: error {"error":{"Slim\\Psr7\\Response":[]}} []
[2023-10-14T20:50:05.041516-03:00] my_logger.ERROR: error {"error":"Invalid HTTP status code."} []
[2023-10-14T20:51:14.931644-03:00] my_logger.ERROR: error {"error":"Invalid HTTP status code."} []
[2023-10-14T20:51:54.456038-03:00] my_logger.ERROR: error {"error":"Invalid HTTP status code."} []
[2023-10-14T20:51:59.146744-03:00] my_logger.ERROR: error {"error":"Invalid HTTP status code."} []
[2023-10-14T21:06:14.558582-03:00] my_logger.ERROR: error {"error":"Invalid HTTP status code."} []
[2023-10-14T21:06:40.921653-03:00] my_logger.ERROR: error {"error":"Invalid HTTP status code."} []
[2023-10-14T21:09:55.180073-03:00] my_logger.ERROR: error {"error":"Invalid HTTP status code.","status":401} []
[2023-10-14T21:10:04.030293-03:00] my_logger.ERROR: error {"error":"Invalid HTTP status code.","status":401} []
[2023-10-14T21:10:04.754294-03:00] my_logger.ERROR: error {"error":"Invalid HTTP status code.","status":401} []
[2023-10-14T21:10:06.030382-03:00] my_logger.ERROR: error {"error":"Invalid HTTP status code.","status":401} []
[2023-10-14T21:10:07.029446-03:00] my_logger.ERROR: error {"error":"Invalid HTTP status code.","status":401} []
[2023-10-14T21:10:07.487007-03:00] my_logger.ERROR: error {"error":"Invalid HTTP status code.","status":401} []
[2023-10-14T21:10:13.469378-03:00] my_logger.ERROR: error {"error":"Invalid HTTP status code.","status":401} []
[2023-10-14T21:10:17.555481-03:00] my_logger.ERROR: error {"error":"Invalid HTTP status code.","status":401} []
[2023-10-14T21:10:18.547582-03:00] my_logger.ERROR: error {"error":"Invalid HTTP status code.","status":401} []
[2023-10-14T21:10:58.926815-03:00] my_logger.ERROR: error {"error":"Invalid HTTP status code.","status":401} []
[2023-10-14T21:11:01.189796-03:00] my_logger.ERROR: error {"error":"Invalid HTTP status code.","status":401} []
